<?xml version="1.0" encoding="UTF-8"?>
<!-- Generated by org.testng.reporters.JUnitReportReporter -->
<testsuite skipped="0" hostname="DESKTOP-3VMIB3S" name="com.cg.tests.TC003" tests="1" failures="0" timestamp="2020-04-13T11:14:47 IST" time="26.314" errors="0">
  <testcase name="tcoo3test" time="26.314" classname="com.cg.tests.TC003"/>
  <system-out/>
</testsuite> <!-- com.cg.tests.TC003 -->
