<?xml version="1.0" encoding="UTF-8"?>
<!-- Generated by org.testng.reporters.JUnitReportReporter -->
<testsuite skipped="0" hostname="DESKTOP-3VMIB3S" name="com.cg.tests.TC001" tests="2" failures="0" timestamp="2020-04-13T11:07:24 IST" time="0.015" errors="0">
  <testcase name="logout" time="0.003" classname="com.cg.tests.TC001"/>
  <system-out/>
  <testcase name="loginValidation" time="0.012" classname="com.cg.tests.TC001"/>
  <system-out/>
</testsuite> <!-- com.cg.tests.TC001 -->
