<?xml version="1.0" encoding="UTF-8"?>
<!-- Generated by org.testng.reporters.JUnitReportReporter -->
<testsuite skipped="0" hostname="DESKTOP-3VMIB3S" name="com.cg.tests.TC002" tests="1" failures="0" timestamp="2020-03-19T14:47:35 IST" time="0.010" errors="0">
  <testcase name="Run" time="0.010" classname="com.cg.tests.TC002"/>
  <system-out/>
</testsuite> <!-- com.cg.tests.TC002 -->
