<?xml version="1.0" encoding="UTF-8"?>
<!-- Generated by org.testng.reporters.JUnitReportReporter -->
<testsuite skipped="0" hostname="DESKTOP-3VMIB3S" name="com.cg.tests.TC004" tests="1" failures="0" timestamp="2020-04-13T11:16:27 IST" time="37.344" errors="0">
  <testcase name="tc004Test" time="37.344" classname="com.cg.tests.TC004"/>
  <system-out/>
</testsuite> <!-- com.cg.tests.TC004 -->
